# JRE version: Java(TM) SE Runtime Environment (8.0_151-b12) (build 1.8.0_151-b12)
# Java VM: Java HotSpot(TM) 64-Bit Server VM (25.151-b12 mixed mode linux-amd64 compressed oops)
Heap:
 PSYoungGen      total 31744K, used 1822K [0x00000000d7100000, 0x00000000d9b00000, 0x0000000100000000)
  eden space 20480K, 5% used [0x00000000d7100000,0x00000000d722a3f0,0x00000000d8500000)
  from space 11264K, 5% used [0x00000000d9000000,0x00000000d909d420,0x00000000d9b00000)
  to   space 11264K, 0% used [0x00000000d8500000,0x00000000d8500000,0x00000000d9000000)
 ParOldGen       total 75776K, used 49994K [0x0000000085200000, 0x0000000089c00000, 0x00000000d7100000)
  object space 75776K, 65% used [0x0000000085200000,0x00000000882d2a68,0x0000000089c00000)
 Metaspace       used 36096K, capacity 38064K, committed 38912K, reserved 1083392K
  class space    used 4571K, capacity 5117K, committed 5376K, reserved 1048576K
GC Heap History (10 events):
Event: 85.171 GC heap before
{Heap before GC invocations=52 (full 4):
 PSYoungGen      total 24576K, used 24420K [0x00000000d7100000, 0x00000000d9c00000, 0x0000000100000000)
  eden space 21504K, 100% used [0x00000000d7100000,0x00000000d8600000,0x00000000d8600000)
  from space 3072K, 94% used [0x00000000d8600000,0x00000000d88d9358,0x00000000d8900000)
  to   space 11264K, 0% used [0x00000000d9100000,0x00000000d9100000,0x00000000d9c00000)
 ParOldGen       total 75776K, used 31150K [0x0000000085200000, 0x0000000089c00000, 0x00000000d7100000)
  object space 75776K, 41% used [0x0000000085200000,0x000000008706b8e8,0x0000000089c00000)
 Metaspace       used 36029K, capacity 38064K, committed 38912K, reserved 1083392K
  class space    used 4571K, capacity 5117K, committed 5376K, reserved 1048576K
Event: 85.175 GC heap after
Heap after GC invocations=52 (full 4):
 PSYoungGen      total 31744K, used 3747K [0x00000000d7100000, 0x00000000d9b00000, 0x0000000100000000)
  eden space 21504K, 0% used [0x00000000d7100000,0x00000000d7100000,0x00000000d8600000)
  from space 10240K, 36% used [0x00000000d9100000,0x00000000d94a8c80,0x00000000d9b00000)
  to   space 10752K, 0% used [0x00000000d8600000,0x00000000d8600000,0x00000000d9080000)
 ParOldGen       total 75776K, used 33207K [0x0000000085200000, 0x0000000089c00000, 0x00000000d7100000)
  object space 75776K, 43% used [0x0000000085200000,0x000000008726df68,0x0000000089c00000)
 Metaspace       used 36029K, capacity 38064K, committed 38912K, reserved 1083392K
  class space    used 4571K, capacity 5117K, committed 5376K, reserved 1048576K
}
Event: 86.642 GC heap before
{Heap before GC invocations=53 (full 4):
 PSYoungGen      total 31744K, used 25251K [0x00000000d7100000, 0x00000000d9b00000, 0x0000000100000000)
  eden space 21504K, 100% used [0x00000000d7100000,0x00000000d8600000,0x00000000d8600000)
  from space 10240K, 36% used [0x00000000d9100000,0x00000000d94a8c80,0x00000000d9b00000)
  to   space 10752K, 0% used [0x00000000d8600000,0x00000000d8600000,0x00000000d9080000)
 ParOldGen       total 75776K, used 33207K [0x0000000085200000, 0x0000000089c00000, 0x00000000d7100000)
  object space 75776K, 43% used [0x0000000085200000,0x000000008726df68,0x0000000089c00000)
 Metaspace       used 36041K, capacity 38064K, committed 38912K, reserved 1083392K
  class space    used 4571K, capacity 5117K, committed 5376K, reserved 1048576K
Event: 86.645 GC heap after
Heap after GC invocations=53 (full 4):
 PSYoungGen      total 24576K, used 2908K [0x00000000d7100000, 0x00000000d9a00000, 0x0000000100000000)
  eden space 21504K, 0% used [0x00000000d7100000,0x00000000d7100000,0x00000000d8600000)
  from space 3072K, 94% used [0x00000000d8600000,0x00000000d88d7020,0x00000000d8900000)
  to   space 10240K, 0% used [0x00000000d9000000,0x00000000d9000000,0x00000000d9a00000)
 ParOldGen       total 75776K, used 36355K [0x0000000085200000, 0x0000000089c00000, 0x00000000d7100000)
  object space 75776K, 47% used [0x0000000085200000,0x0000000087580d88,0x0000000089c00000)
 Metaspace       used 36041K, capacity 38064K, committed 38912K, reserved 1083392K
  class space    used 4571K, capacity 5117K, committed 5376K, reserved 1048576K
}
Event: 87.406 GC heap before
{Heap before GC invocations=54 (full 4):
 PSYoungGen      total 24576K, used 21891K [0x00000000d7100000, 0x00000000d9a00000, 0x0000000100000000)
  eden space 21504K, 88% used [0x00000000d7100000,0x00000000d8389ef8,0x00000000d8600000)
  from space 3072K, 94% used [0x00000000d8600000,0x00000000d88d7020,0x00000000d8900000)
  to   space 10240K, 0% used [0x00000000d9000000,0x00000000d9000000,0x00000000d9a00000)
 ParOldGen       total 75776K, used 36355K [0x0000000085200000, 0x0000000089c00000, 0x00000000d7100000)
  object space 75776K, 47% used [0x0000000085200000,0x0000000087580d88,0x0000000089c00000)
 Metaspace       used 36046K, capacity 38064K, committed 38912K, reserved 1083392K
  class space    used 4571K, capacity 5117K, committed 5376K, reserved 1048576K
Event: 87.409 GC heap after
Heap after GC invocations=54 (full 4):
 PSYoungGen      total 30720K, used 8228K [0x00000000d7100000, 0x00000000d9c00000, 0x0000000100000000)
  eden space 20480K, 0% used [0x00000000d7100000,0x00000000d7100000,0x00000000d8500000)
  from space 10240K, 80% used [0x00000000d9000000,0x00000000d9809030,0x00000000d9a00000)
  to   space 11264K, 0% used [0x00000000d8500000,0x00000000d8500000,0x00000000d9000000)
 ParOldGen       total 75776K, used 39127K [0x0000000085200000, 0x0000000089c00000, 0x00000000d7100000)
  object space 75776K, 51% used [0x0000000085200000,0x0000000087835dd8,0x0000000089c00000)
 Metaspace       used 36046K, capacity 38064K, committed 38912K, reserved 1083392K
  class space    used 4571K, capacity 5117K, committed 5376K, reserved 1048576K
}
Event: 88.516 GC heap before
{Heap before GC invocations=55 (full 4):
 PSYoungGen      total 30720K, used 28383K [0x00000000d7100000, 0x00000000d9c00000, 0x0000000100000000)
  eden space 20480K, 98% used [0x00000000d7100000,0x00000000d84aef98,0x00000000d8500000)
  from space 10240K, 80% used [0x00000000d9000000,0x00000000d9809030,0x00000000d9a00000)
  to   space 11264K, 0% used [0x00000000d8500000,0x00000000d8500000,0x00000000d9000000)
 ParOldGen       total 75776K, used 41827K [0x0000000085200000, 0x0000000089c00000, 0x00000000d7100000)
  object space 75776K, 55% used [0x0000000085200000,0x0000000087ad8de8,0x0000000089c00000)
 Metaspace       used 36046K, capacity 38064K, committed 38912K, reserved 1083392K
  class space    used 4571K, capacity 5117K, committed 5376K, reserved 1048576K
Event: 88.519 GC heap after
Heap after GC invocations=55 (full 4):
 PSYoungGen      total 31744K, used 5592K [0x00000000d7100000, 0x00000000d9b00000, 0x0000000100000000)
  eden space 20480K, 0% used [0x00000000d7100000,0x00000000d7100000,0x00000000d8500000)
  from space 11264K, 49% used [0x00000000d8500000,0x00000000d8a76020,0x00000000d9000000)
  to   space 11264K, 0% used [0x00000000d9000000,0x00000000d9000000,0x00000000d9b00000)
 ParOldGen       total 75776K, used 44551K [0x0000000085200000, 0x0000000089c00000, 0x00000000d7100000)
  object space 75776K, 58% used [0x0000000085200000,0x0000000087d81df8,0x0000000089c00000)
 Metaspace       used 36046K, capacity 38064K, committed 38912K, reserved 1083392K
  class space    used 4571K, capacity 5117K, committed 5376K, reserved 1048576K
}
Event: 89.988 GC heap before
{Heap before GC invocations=56 (full 4):
 PSYoungGen      total 31744K, used 26072K [0x00000000d7100000, 0x00000000d9b00000, 0x0000000100000000)
  eden space 20480K, 100% used [0x00000000d7100000,0x00000000d8500000,0x00000000d8500000)
  from space 11264K, 49% used [0x00000000d8500000,0x00000000d8a76020,0x00000000d9000000)
  to   space 11264K, 0% used [0x00000000d9000000,0x00000000d9000000,0x00000000d9b00000)
 ParOldGen       total 75776K, used 44554K [0x0000000085200000, 0x0000000089c00000, 0x00000000d7100000)
  object space 75776K, 58% used [0x0000000085200000,0x0000000087d82a48,0x0000000089c00000)
 Metaspace       used 36096K, capacity 38064K, committed 38912K, reserved 1083392K
  class space    used 4571K, capacity 5117K, committed 5376K, reserved 1048576K
Event: 89.990 GC heap after
Heap after GC invocations=56 (full 4):
 PSYoungGen      total 31744K, used 629K [0x00000000d7100000, 0x00000000d9b00000, 0x0000000100000000)
  eden space 20480K, 0% used [0x00000000d7100000,0x00000000d7100000,0x00000000d8500000)
  from space 11264K, 5% used [0x00000000d9000000,0x00000000d909d420,0x00000000d9b00000)
  to   space 11264K, 0% used [0x00000000d8500000,0x00000000d8500000,0x00000000d9000000)
 ParOldGen       total 75776K, used 49994K [0x0000000085200000, 0x0000000089c00000, 0x00000000d7100000)
  object space 75776K, 65% used [0x0000000085200000,0x00000000882d2a68,0x0000000089c00000)
 Metaspace       used 36096K, capacity 38064K, committed 38912K, reserved 1083392K
  class space    used 4571K, capacity 5117K, committed 5376K, reserved 1048576K
}

