# JRE version: Java(TM) SE Runtime Environment (8.0_151-b12) (build 1.8.0_151-b12)
# Java VM: Java HotSpot(TM) 64-Bit Server VM (25.151-b12 mixed mode linux-amd64 compressed oops)
Heap:
 PSYoungGen      total 549888K, used 379352K [0x00000000d7100000, 0x00000000faf00000, 0x0000000100000000)
  eden space 520192K, 72% used [0x00000000d7100000,0x00000000ee376210,0x00000000f6d00000)
  from space 29696K, 0% used [0x00000000f9000000,0x00000000f9000000,0x00000000fad00000)
  to   space 33792K, 0% used [0x00000000f6d00000,0x00000000f6d00000,0x00000000f8e00000)
 ParOldGen       total 103936K, used 40895K [0x0000000085200000, 0x000000008b780000, 0x00000000d7100000)
  object space 103936K, 39% used [0x0000000085200000,0x00000000879efea0,0x000000008b780000)
 Metaspace       used 36634K, capacity 38762K, committed 40092K, reserved 1083392K
  class space    used 4627K, capacity 5198K, committed 5580K, reserved 1048576K
GC Heap History (10 events):
Event: 29.653 GC heap before
{Heap before GC invocations=11 (full 1):
 PSYoungGen      total 248832K, used 41078K [0x00000000d7100000, 0x00000000ef680000, 0x0000000100000000)
  eden space 226304K, 8% used [0x00000000d7100000,0x00000000d83219d8,0x00000000e4e00000)
  from space 22528K, 99% used [0x00000000e4e00000,0x00000000e63fbea0,0x00000000e6400000)
  to   space 27648K, 0% used [0x00000000edb80000,0x00000000edb80000,0x00000000ef680000)
 ParOldGen       total 47616K, used 31860K [0x0000000085200000, 0x0000000088080000, 0x00000000d7100000)
  object space 47616K, 66% used [0x0000000085200000,0x000000008711d278,0x0000000088080000)
 Metaspace       used 33886K, capacity 36360K, committed 36636K, reserved 1081344K
  class space    used 4480K, capacity 5173K, committed 5196K, reserved 1048576K
Event: 29.663 GC heap after
Heap after GC invocations=11 (full 1):
 PSYoungGen      total 372224K, used 11581K [0x00000000d7100000, 0x00000000ef900000, 0x0000000100000000)
  eden space 344576K, 0% used [0x00000000d7100000,0x00000000d7100000,0x00000000ec180000)
  from space 27648K, 41% used [0x00000000edb80000,0x00000000ee6cf5f0,0x00000000ef680000)
  to   space 26624K, 0% used [0x00000000ec180000,0x00000000ec180000,0x00000000edb80000)
 ParOldGen       total 47616K, used 43914K [0x0000000085200000, 0x0000000088080000, 0x00000000d7100000)
  object space 47616K, 92% used [0x0000000085200000,0x0000000087ce2ac8,0x0000000088080000)
 Metaspace       used 33886K, capacity 36360K, committed 36636K, reserved 1081344K
  class space    used 4480K, capacity 5173K, committed 5196K, reserved 1048576K
}
Event: 29.663 GC heap before
{Heap before GC invocations=12 (full 2):
 PSYoungGen      total 372224K, used 11581K [0x00000000d7100000, 0x00000000ef900000, 0x0000000100000000)
  eden space 344576K, 0% used [0x00000000d7100000,0x00000000d7100000,0x00000000ec180000)
  from space 27648K, 41% used [0x00000000edb80000,0x00000000ee6cf5f0,0x00000000ef680000)
  to   space 26624K, 0% used [0x00000000ec180000,0x00000000ec180000,0x00000000edb80000)
 ParOldGen       total 47616K, used 43914K [0x0000000085200000, 0x0000000088080000, 0x00000000d7100000)
  object space 47616K, 92% used [0x0000000085200000,0x0000000087ce2ac8,0x0000000088080000)
 Metaspace       used 33886K, capacity 36360K, committed 36636K, reserved 1081344K
  class space    used 4480K, capacity 5173K, committed 5196K, reserved 1048576K
Event: 29.710 GC heap after
Heap after GC invocations=12 (full 2):
 PSYoungGen      total 372224K, used 0K [0x00000000d7100000, 0x00000000ef900000, 0x0000000100000000)
  eden space 344576K, 0% used [0x00000000d7100000,0x00000000d7100000,0x00000000ec180000)
  from space 27648K, 0% used [0x00000000edb80000,0x00000000edb80000,0x00000000ef680000)
  to   space 26624K, 0% used [0x00000000ec180000,0x00000000ec180000,0x00000000edb80000)
 ParOldGen       total 66048K, used 17557K [0x0000000085200000, 0x0000000089280000, 0x00000000d7100000)
  object space 66048K, 26% used [0x0000000085200000,0x00000000863257f8,0x0000000089280000)
 Metaspace       used 32489K, capacity 34328K, committed 36636K, reserved 1081344K
  class space    used 4162K, capacity 4665K, committed 5196K, reserved 1048576K
}
Event: 41.081 GC heap before
{Heap before GC invocations=13 (full 2):
 PSYoungGen      total 372224K, used 344576K [0x00000000d7100000, 0x00000000ef900000, 0x0000000100000000)
  eden space 344576K, 100% used [0x00000000d7100000,0x00000000ec180000,0x00000000ec180000)
  from space 27648K, 0% used [0x00000000edb80000,0x00000000edb80000,0x00000000ef680000)
  to   space 26624K, 0% used [0x00000000ec180000,0x00000000ec180000,0x00000000edb80000)
 ParOldGen       total 66048K, used 17558K [0x0000000085200000, 0x0000000089280000, 0x00000000d7100000)
  object space 66048K, 26% used [0x0000000085200000,0x0000000086325808,0x0000000089280000)
 Metaspace       used 36322K, capacity 38456K, committed 39580K, reserved 1083392K
  class space    used 4671K, capacity 5273K, committed 5580K, reserved 1048576K
Event: 41.095 GC heap after
Heap after GC invocations=13 (full 2):
 PSYoungGen      total 371200K, used 24585K [0x00000000d7100000, 0x00000000fad00000, 0x0000000100000000)
  eden space 344576K, 0% used [0x00000000d7100000,0x00000000d7100000,0x00000000ec180000)
  from space 26624K, 92% used [0x00000000ec180000,0x00000000ed9824a0,0x00000000edb80000)
  to   space 29696K, 0% used [0x00000000f9000000,0x00000000f9000000,0x00000000fad00000)
 ParOldGen       total 66048K, used 28366K [0x0000000085200000, 0x0000000089280000, 0x00000000d7100000)
  object space 66048K, 42% used [0x0000000085200000,0x0000000086db3848,0x0000000089280000)
 Metaspace       used 36322K, capacity 38456K, committed 39580K, reserved 1083392K
  class space    used 4671K, capacity 5273K, committed 5580K, reserved 1048576K
}
Event: 51.921 GC heap before
{Heap before GC invocations=14 (full 2):
 PSYoungGen      total 371200K, used 369161K [0x00000000d7100000, 0x00000000fad00000, 0x0000000100000000)
  eden space 344576K, 100% used [0x00000000d7100000,0x00000000ec180000,0x00000000ec180000)
  from space 26624K, 92% used [0x00000000ec180000,0x00000000ed9824a0,0x00000000edb80000)
  to   space 29696K, 0% used [0x00000000f9000000,0x00000000f9000000,0x00000000fad00000)
 ParOldGen       total 66048K, used 28370K [0x0000000085200000, 0x0000000089280000, 0x00000000d7100000)
  object space 66048K, 42% used [0x0000000085200000,0x0000000086db4840,0x0000000089280000)
 Metaspace       used 37216K, capacity 39714K, committed 39836K, reserved 1083392K
  class space    used 4818K, capacity 5506K, committed 5580K, reserved 1048576K
Event: 51.945 GC heap after
Heap after GC invocations=14 (full 2):
 PSYoungGen      total 549888K, used 29520K [0x00000000d7100000, 0x00000000faf00000, 0x0000000100000000)
  eden space 520192K, 0% used [0x00000000d7100000,0x00000000d7100000,0x00000000f6d00000)
  from space 29696K, 99% used [0x00000000f9000000,0x00000000facd41b0,0x00000000fad00000)
  to   space 33792K, 0% used [0x00000000f6d00000,0x00000000f6d00000,0x00000000f8e00000)
 ParOldGen       total 66048K, used 57427K [0x0000000085200000, 0x0000000089280000, 0x00000000d7100000)
  object space 66048K, 86% used [0x0000000085200000,0x0000000088a14f48,0x0000000089280000)
 Metaspace       used 37216K, capacity 39714K, committed 39836K, reserved 1083392K
  class space    used 4818K, capacity 5506K, committed 5580K, reserved 1048576K
}
Event: 51.945 GC heap before
{Heap before GC invocations=15 (full 3):
 PSYoungGen      total 549888K, used 29520K [0x00000000d7100000, 0x00000000faf00000, 0x0000000100000000)
  eden space 520192K, 0% used [0x00000000d7100000,0x00000000d7100000,0x00000000f6d00000)
  from space 29696K, 99% used [0x00000000f9000000,0x00000000facd41b0,0x00000000fad00000)
  to   space 33792K, 0% used [0x00000000f6d00000,0x00000000f6d00000,0x00000000f8e00000)
 ParOldGen       total 66048K, used 57427K [0x0000000085200000, 0x0000000089280000, 0x00000000d7100000)
  object space 66048K, 86% used [0x0000000085200000,0x0000000088a14f48,0x0000000089280000)
 Metaspace       used 37216K, capacity 39714K, committed 39836K, reserved 1083392K
  class space    used 4818K, capacity 5506K, committed 5580K, reserved 1048576K
Event: 52.051 GC heap after
Heap after GC invocations=15 (full 3):
 PSYoungGen      total 549888K, used 0K [0x00000000d7100000, 0x00000000faf00000, 0x0000000100000000)
  eden space 520192K, 0% used [0x00000000d7100000,0x00000000d7100000,0x00000000f6d00000)
  from space 29696K, 0% used [0x00000000f9000000,0x00000000f9000000,0x00000000fad00000)
  to   space 33792K, 0% used [0x00000000f6d00000,0x00000000f6d00000,0x00000000f8e00000)
 ParOldGen       total 103936K, used 40895K [0x0000000085200000, 0x000000008b780000, 0x00000000d7100000)
  object space 103936K, 39% used [0x0000000085200000,0x00000000879efea0,0x000000008b780000)
 Metaspace       used 35929K, capacity 37842K, committed 39836K, reserved 1083392K
  class space    used 4526K, capacity 5038K, committed 5580K, reserved 1048576K
}

