# JRE version: Java(TM) SE Runtime Environment (8.0_151-b12) (build 1.8.0_151-b12)
# Java VM: Java HotSpot(TM) 64-Bit Server VM (25.151-b12 mixed mode linux-amd64 compressed oops)
Heap:
 PSYoungGen      total 561152K, used 411125K [0x00000000d7100000, 0x0000000100000000, 0x0000000100000000)
  eden space 527872K, 71% used [0x00000000d7100000,0x00000000ee36cb50,0x00000000f7480000)
  from space 33280K, 95% used [0x00000000f7480000,0x00000000f9390950,0x00000000f9500000)
  to   space 37888K, 0% used [0x00000000fdb00000,0x00000000fdb00000,0x0000000100000000)
 ParOldGen       total 83456K, used 23616K [0x0000000085200000, 0x000000008a380000, 0x00000000d7100000)
  object space 83456K, 28% used [0x0000000085200000,0x00000000869103a8,0x000000008a380000)
 Metaspace       used 38162K, capacity 40916K, committed 42440K, reserved 1085440K
  class space    used 4917K, capacity 5659K, committed 6092K, reserved 1048576K
GC Heap History (10 events):
Event: 37.093 GC heap before
{Heap before GC invocations=12 (full 2):
 PSYoungGen      total 253952K, used 252713K [0x00000000d7100000, 0x00000000efe00000, 0x0000000100000000)
  eden space 233984K, 100% used [0x00000000d7100000,0x00000000e5580000,0x00000000e5580000)
  from space 19968K, 93% used [0x00000000e5580000,0x00000000e67ca728,0x00000000e6900000)
  to   space 22528K, 0% used [0x00000000ee800000,0x00000000ee800000,0x00000000efe00000)
 ParOldGen       total 61952K, used 17289K [0x0000000085200000, 0x0000000088e80000, 0x00000000d7100000)
  object space 61952K, 27% used [0x0000000085200000,0x00000000862e2660,0x0000000088e80000)
 Metaspace       used 36526K, capacity 38836K, committed 38984K, reserved 1083392K
  class space    used 4746K, capacity 5399K, committed 5452K, reserved 1048576K
Event: 37.107 GC heap after
Heap after GC invocations=12 (full 2):
 PSYoungGen      total 378368K, used 22526K [0x00000000d7100000, 0x00000000f0500000, 0x0000000100000000)
  eden space 355840K, 0% used [0x00000000d7100000,0x00000000d7100000,0x00000000ecc80000)
  from space 22528K, 99% used [0x00000000ee800000,0x00000000efdffba8,0x00000000efe00000)
  to   space 28160K, 0% used [0x00000000ecc80000,0x00000000ecc80000,0x00000000ee800000)
 ParOldGen       total 61952K, used 23542K [0x0000000085200000, 0x0000000088e80000, 0x00000000d7100000)
  object space 61952K, 38% used [0x0000000085200000,0x00000000868fdb40,0x0000000088e80000)
 Metaspace       used 36526K, capacity 38836K, committed 38984K, reserved 1083392K
  class space    used 4746K, capacity 5399K, committed 5452K, reserved 1048576K
}
Event: 50.581 GC heap before
{Heap before GC invocations=13 (full 2):
 PSYoungGen      total 378368K, used 378366K [0x00000000d7100000, 0x00000000f0500000, 0x0000000100000000)
  eden space 355840K, 100% used [0x00000000d7100000,0x00000000ecc80000,0x00000000ecc80000)
  from space 22528K, 99% used [0x00000000ee800000,0x00000000efdffba8,0x00000000efe00000)
  to   space 28160K, 0% used [0x00000000ecc80000,0x00000000ecc80000,0x00000000ee800000)
 ParOldGen       total 61952K, used 23542K [0x0000000085200000, 0x0000000088e80000, 0x00000000d7100000)
  object space 61952K, 38% used [0x0000000085200000,0x00000000868fdb40,0x0000000088e80000)
 Metaspace       used 37795K, capacity 40620K, committed 40904K, reserved 1085440K
  class space    used 4970K, capacity 5749K, committed 5836K, reserved 1048576K
Event: 50.601 GC heap after
Heap after GC invocations=13 (full 2):
 PSYoungGen      total 384000K, used 24894K [0x00000000d7100000, 0x00000000fb880000, 0x0000000100000000)
  eden space 355840K, 0% used [0x00000000d7100000,0x00000000d7100000,0x00000000ecc80000)
  from space 28160K, 88% used [0x00000000ecc80000,0x00000000ee4cfb00,0x00000000ee800000)
  to   space 30720K, 0% used [0x00000000f9a80000,0x00000000f9a80000,0x00000000fb880000)
 ParOldGen       total 61952K, used 43736K [0x0000000085200000, 0x0000000088e80000, 0x00000000d7100000)
  object space 61952K, 70% used [0x0000000085200000,0x0000000087cb61c8,0x0000000088e80000)
 Metaspace       used 37795K, capacity 40620K, committed 40904K, reserved 1085440K
  class space    used 4970K, capacity 5749K, committed 5836K, reserved 1048576K
}
Event: 63.405 GC heap before
{Heap before GC invocations=14 (full 2):
 PSYoungGen      total 384000K, used 380523K [0x00000000d7100000, 0x00000000fb880000, 0x0000000100000000)
  eden space 355840K, 99% used [0x00000000d7100000,0x00000000ecc4b1b0,0x00000000ecc80000)
  from space 28160K, 88% used [0x00000000ecc80000,0x00000000ee4cfb00,0x00000000ee800000)
  to   space 30720K, 0% used [0x00000000f9a80000,0x00000000f9a80000,0x00000000fb880000)
 ParOldGen       total 61952K, used 43736K [0x0000000085200000, 0x0000000088e80000, 0x00000000d7100000)
  object space 61952K, 70% used [0x0000000085200000,0x0000000087cb61c8,0x0000000088e80000)
 Metaspace       used 38861K, capacity 42042K, committed 42184K, reserved 1085440K
  class space    used 5140K, capacity 6018K, committed 6092K, reserved 1048576K
Event: 63.426 GC heap after
Heap after GC invocations=14 (full 2):
 PSYoungGen      total 555520K, used 25235K [0x00000000d7100000, 0x00000000fb580000, 0x0000000100000000)
  eden space 527872K, 0% used [0x00000000d7100000,0x00000000d7100000,0x00000000f7480000)
  from space 27648K, 91% used [0x00000000f9a80000,0x00000000fb324f70,0x00000000fb580000)
  to   space 33280K, 0% used [0x00000000f7480000,0x00000000f7480000,0x00000000f9500000)
 ParOldGen       total 65024K, used 64656K [0x0000000085200000, 0x0000000089180000, 0x00000000d7100000)
  object space 65024K, 99% used [0x0000000085200000,0x0000000089124398,0x0000000089180000)
 Metaspace       used 38861K, capacity 42042K, committed 42184K, reserved 1085440K
  class space    used 5140K, capacity 6018K, committed 6092K, reserved 1048576K
}
Event: 63.426 GC heap before
{Heap before GC invocations=15 (full 3):
 PSYoungGen      total 555520K, used 25235K [0x00000000d7100000, 0x00000000fb580000, 0x0000000100000000)
  eden space 527872K, 0% used [0x00000000d7100000,0x00000000d7100000,0x00000000f7480000)
  from space 27648K, 91% used [0x00000000f9a80000,0x00000000fb324f70,0x00000000fb580000)
  to   space 33280K, 0% used [0x00000000f7480000,0x00000000f7480000,0x00000000f9500000)
 ParOldGen       total 65024K, used 64656K [0x0000000085200000, 0x0000000089180000, 0x00000000d7100000)
  object space 65024K, 99% used [0x0000000085200000,0x0000000089124398,0x0000000089180000)
 Metaspace       used 38861K, capacity 42042K, committed 42184K, reserved 1085440K
  class space    used 5140K, capacity 6018K, committed 6092K, reserved 1048576K
Event: 63.531 GC heap after
Heap after GC invocations=15 (full 3):
 PSYoungGen      total 555520K, used 0K [0x00000000d7100000, 0x00000000fb580000, 0x0000000100000000)
  eden space 527872K, 0% used [0x00000000d7100000,0x00000000d7100000,0x00000000f7480000)
  from space 27648K, 0% used [0x00000000f9a80000,0x00000000f9a80000,0x00000000fb580000)
  to   space 33280K, 0% used [0x00000000f7480000,0x00000000f7480000,0x00000000f9500000)
 ParOldGen       total 83456K, used 23608K [0x0000000085200000, 0x000000008a380000, 0x00000000d7100000)
  object space 83456K, 28% used [0x0000000085200000,0x000000008690e3a8,0x000000008a380000)
 Metaspace       used 36166K, capacity 38122K, committed 42184K, reserved 1085440K
  class space    used 4528K, capacity 5038K, committed 6092K, reserved 1048576K
}
Event: 82.160 GC heap before
{Heap before GC invocations=16 (full 3):
 PSYoungGen      total 555520K, used 527872K [0x00000000d7100000, 0x00000000fb580000, 0x0000000100000000)
  eden space 527872K, 100% used [0x00000000d7100000,0x00000000f7480000,0x00000000f7480000)
  from space 27648K, 0% used [0x00000000f9a80000,0x00000000f9a80000,0x00000000fb580000)
  to   space 33280K, 0% used [0x00000000f7480000,0x00000000f7480000,0x00000000f9500000)
 ParOldGen       total 83456K, used 23608K [0x0000000085200000, 0x000000008a380000, 0x00000000d7100000)
  object space 83456K, 28% used [0x0000000085200000,0x000000008690e3a8,0x000000008a380000)
 Metaspace       used 37485K, capacity 39952K, committed 42440K, reserved 1085440K
  class space    used 4777K, capacity 5435K, committed 6092K, reserved 1048576K
Event: 82.177 GC heap after
Heap after GC invocations=16 (full 3):
 PSYoungGen      total 561152K, used 31810K [0x00000000d7100000, 0x0000000100000000, 0x0000000100000000)
  eden space 527872K, 0% used [0x00000000d7100000,0x00000000d7100000,0x00000000f7480000)
  from space 33280K, 95% used [0x00000000f7480000,0x00000000f9390950,0x00000000f9500000)
  to   space 37888K, 0% used [0x00000000fdb00000,0x00000000fdb00000,0x0000000100000000)
 ParOldGen       total 83456K, used 23616K [0x0000000085200000, 0x000000008a380000, 0x00000000d7100000)
  object space 83456K, 28% used [0x0000000085200000,0x00000000869103a8,0x000000008a380000)
 Metaspace       used 37485K, capacity 39952K, committed 42440K, reserved 1085440K
  class space    used 4777K, capacity 5435K, committed 6092K, reserved 1048576K
}

